2025-11-28T08:21:18.190904+00:00 INFO 'ansible_navigator.setup_logger' New ansible-navigator instance, logging initialized
2025-11-28T08:21:18.191482+00:00 INFO 'ansible_navigator.setup_logger' New ansible-runner instance, logging initialized
2025-11-28T08:21:18.191550+00:00 DEBUG 'ansible_navigator.main' ansible-builder==1.2.0 /usr/lib/python3.9/site-packages
2025-11-28T08:21:18.191576+00:00 DEBUG 'ansible_navigator.main' ansible-compat==2.2.1 /usr/lib/python3.9/site-packages
2025-11-28T08:21:18.191600+00:00 DEBUG 'ansible_navigator.main' ansible-core==2.14.10 /usr/lib/python3.9/site-packages
2025-11-28T08:21:18.191622+00:00 DEBUG 'ansible_navigator.main' ansible-lint==6.8.2 /usr/lib/python3.9/site-packages
2025-11-28T08:21:18.191642+00:00 DEBUG 'ansible_navigator.main' ansible-navigator==2.2.0 /usr/lib/python3.9/site-packages
2025-11-28T08:21:18.191663+00:00 DEBUG 'ansible_navigator.main' ansible-pylibssh==1.0.0 /usr/lib64/python3.9/site-packages
2025-11-28T08:21:18.191683+00:00 DEBUG 'ansible_navigator.main' ansible-runner==2.3.2 /usr/lib/python3.9/site-packages
2025-11-28T08:21:18.191703+00:00 DEBUG 'ansible_navigator.main' attrs==20.3.0 /usr/lib/python3.9/site-packages
2025-11-28T08:21:18.191724+00:00 DEBUG 'ansible_navigator.main' babel==2.9.1 /usr/lib/python3.9/site-packages
2025-11-28T08:21:18.191743+00:00 DEBUG 'ansible_navigator.main' bindep==2.10.2 /usr/lib/python3.9/site-packages
2025-11-28T08:21:18.191763+00:00 DEBUG 'ansible_navigator.main' black==22.8.0 /usr/lib/python3.9/site-packages
2025-11-28T08:21:18.191783+00:00 DEBUG 'ansible_navigator.main' bracex==2.2.1 /usr/lib/python3.9/site-packages
2025-11-28T08:21:18.191803+00:00 DEBUG 'ansible_navigator.main' brlapi==0.8.2 /usr/lib64/python3.9/site-packages
2025-11-28T08:21:18.191823+00:00 DEBUG 'ansible_navigator.main' cffi==1.14.5 /usr/lib64/python3.9/site-packages
2025-11-28T08:21:18.191843+00:00 DEBUG 'ansible_navigator.main' chardet==4.0.0 /usr/lib/python3.9/site-packages
2025-11-28T08:21:18.191863+00:00 DEBUG 'ansible_navigator.main' chrome-gnome-shell==0.0.0 /usr/lib/python3.9/site-packages
2025-11-28T08:21:18.191883+00:00 DEBUG 'ansible_navigator.main' click==8.0.4 /usr/lib/python3.9/site-packages
2025-11-28T08:21:18.191903+00:00 DEBUG 'ansible_navigator.main' cloud-init==22.1 /usr/lib/python3.9/site-packages
2025-11-28T08:21:18.191923+00:00 DEBUG 'ansible_navigator.main' commonmark==0.9.1 /usr/lib/python3.9/site-packages
2025-11-28T08:21:18.191954+00:00 DEBUG 'ansible_navigator.main' configobj==5.0.6 /usr/lib/python3.9/site-packages
2025-11-28T08:21:18.191980+00:00 DEBUG 'ansible_navigator.main' cryptography==36.0.1 /usr/lib64/python3.9/site-packages
2025-11-28T08:21:18.192001+00:00 DEBUG 'ansible_navigator.main' cupshelpers==1.0 /usr/lib/python3.9/site-packages
2025-11-28T08:21:18.192020+00:00 DEBUG 'ansible_navigator.main' dasbus==1.4 /usr/lib/python3.9/site-packages
2025-11-28T08:21:18.192040+00:00 DEBUG 'ansible_navigator.main' dbus-python==1.2.18 /usr/lib64/python3.9/site-packages
2025-11-28T08:21:18.192060+00:00 DEBUG 'ansible_navigator.main' decorator==4.4.2 /usr/lib/python3.9/site-packages
2025-11-28T08:21:18.192092+00:00 DEBUG 'ansible_navigator.main' distlib==0.3.7 /usr/local/lib/python3.9/site-packages
2025-11-28T08:21:18.192114+00:00 DEBUG 'ansible_navigator.main' distro==1.5.0 /usr/lib/python3.9/site-packages
2025-11-28T08:21:18.192134+00:00 DEBUG 'ansible_navigator.main' docutils==0.16 /usr/lib/python3.9/site-packages
2025-11-28T08:21:18.192154+00:00 DEBUG 'ansible_navigator.main' ethtool==0.15 /usr/lib64/python3.9/site-packages
2025-11-28T08:21:18.192174+00:00 DEBUG 'ansible_navigator.main' file-magic==0.4.0 /usr/lib/python3.9/site-packages
2025-11-28T08:21:18.192194+00:00 DEBUG 'ansible_navigator.main' filelock==3.12.4 /usr/local/lib/python3.9/site-packages
2025-11-28T08:21:18.192213+00:00 DEBUG 'ansible_navigator.main' future==0.18.3 /usr/lib/python3.9/site-packages
2025-11-28T08:21:18.192249+00:00 DEBUG 'ansible_navigator.main' gpg==1.15.1 /usr/lib64/python3.9/site-packages
2025-11-28T08:21:18.192269+00:00 DEBUG 'ansible_navigator.main' idna==2.10 /usr/lib/python3.9/site-packages
2025-11-28T08:21:18.192297+00:00 DEBUG 'ansible_navigator.main' iniparse==0.4 /usr/lib/python3.9/site-packages
2025-11-28T08:21:18.192318+00:00 DEBUG 'ansible_navigator.main' jinja2==3.1.2 /usr/lib/python3.9/site-packages
2025-11-28T08:21:18.192338+00:00 DEBUG 'ansible_navigator.main' jsonpatch==1.21 /usr/lib/python3.9/site-packages
2025-11-28T08:21:18.192358+00:00 DEBUG 'ansible_navigator.main' jsonpointer==2.0 /usr/lib/python3.9/site-packages
2025-11-28T08:21:18.192378+00:00 DEBUG 'ansible_navigator.main' jsonschema==4.9.1 /usr/lib/python3.9/site-packages
2025-11-28T08:21:18.192398+00:00 DEBUG 'ansible_navigator.main' libcomps==0.1.18 /usr/lib64/python3.9/site-packages
2025-11-28T08:21:18.192417+00:00 DEBUG 'ansible_navigator.main' lockfile==0.12.2 /usr/lib/python3.9/site-packages
2025-11-28T08:21:18.192437+00:00 DEBUG 'ansible_navigator.main' lxml==4.6.5 /usr/lib64/python3.9/site-packages
2025-11-28T08:21:18.192456+00:00 DEBUG 'ansible_navigator.main' markupsafe==2.1.0 /usr/lib64/python3.9/site-packages
2025-11-28T08:21:18.192476+00:00 DEBUG 'ansible_navigator.main' mypy-extensions==0.4.3 /usr/lib/python3.9/site-packages
2025-11-28T08:21:18.192496+00:00 DEBUG 'ansible_navigator.main' netifaces==0.10.6 /usr/lib64/python3.9/site-packages
2025-11-28T08:21:18.192516+00:00 DEBUG 'ansible_navigator.main' nftables==0.1 /usr/lib/python3.9/site-packages
2025-11-28T08:21:18.192536+00:00 DEBUG 'ansible_navigator.main' oauthlib==3.1.1 /usr/lib/python3.9/site-packages
2025-11-28T08:21:18.192556+00:00 DEBUG 'ansible_navigator.main' onigurumacffi==1.1.0 /usr/lib64/python3.9/site-packages
2025-11-28T08:21:18.192576+00:00 DEBUG 'ansible_navigator.main' packaging==20.9 /usr/lib/python3.9/site-packages
2025-11-28T08:21:18.192595+00:00 DEBUG 'ansible_navigator.main' parsley==1.3 /usr/lib/python3.9/site-packages
2025-11-28T08:21:18.192615+00:00 DEBUG 'ansible_navigator.main' pathspec==0.9.0 /usr/lib/python3.9/site-packages
2025-11-28T08:21:18.192635+00:00 DEBUG 'ansible_navigator.main' pbr==5.8.1 /usr/lib/python3.9/site-packages
2025-11-28T08:21:18.192654+00:00 DEBUG 'ansible_navigator.main' perf==0.1 /usr/lib64/python3.9/site-packages
2025-11-28T08:21:18.192674+00:00 DEBUG 'ansible_navigator.main' pexpect==4.8.0 /usr/lib/python3.9/site-packages
2025-11-28T08:21:18.192693+00:00 DEBUG 'ansible_navigator.main' pip==21.2.3 /usr/lib/python3.9/site-packages
2025-11-28T08:21:18.192713+00:00 DEBUG 'ansible_navigator.main' platformdirs==3.10.0 /usr/local/lib/python3.9/site-packages
2025-11-28T08:21:18.192733+00:00 DEBUG 'ansible_navigator.main' ply==3.11 /usr/lib/python3.9/site-packages
2025-11-28T08:21:18.192753+00:00 DEBUG 'ansible_navigator.main' prettytable==0.7.2 /usr/lib/python3.9/site-packages
2025-11-28T08:21:18.192773+00:00 DEBUG 'ansible_navigator.main' psutil==5.8.0 /usr/lib64/python3.9/site-packages
2025-11-28T08:21:18.192792+00:00 DEBUG 'ansible_navigator.main' ptyprocess==0.6.0 /usr/lib/python3.9/site-packages
2025-11-28T08:21:18.192812+00:00 DEBUG 'ansible_navigator.main' pycairo==1.20.1 /usr/lib64/python3.9/site-packages
2025-11-28T08:21:18.192831+00:00 DEBUG 'ansible_navigator.main' pycparser==2.20 /usr/lib/python3.9/site-packages
2025-11-28T08:21:18.192851+00:00 DEBUG 'ansible_navigator.main' pycups==2.0.1 /usr/lib64/python3.9/site-packages
2025-11-28T08:21:18.192871+00:00 DEBUG 'ansible_navigator.main' pycurl==7.43.0.6 /usr/lib64/python3.9/site-packages
2025-11-28T08:21:18.192890+00:00 DEBUG 'ansible_navigator.main' pyenchant==3.2.0 /usr/lib/python3.9/site-packages
2025-11-28T08:21:18.192910+00:00 DEBUG 'ansible_navigator.main' pygments==2.11.2 /usr/lib/python3.9/site-packages
2025-11-28T08:21:18.192930+00:00 DEBUG 'ansible_navigator.main' pygobject==3.40.1 /usr/lib64/python3.9/site-packages
2025-11-28T08:21:18.192951+00:00 DEBUG 'ansible_navigator.main' pyinotify==0.9.6 /usr/lib/python3.9/site-packages
2025-11-28T08:21:18.192983+00:00 DEBUG 'ansible_navigator.main' pyparsing==2.4.7 /usr/lib/python3.9/site-packages
2025-11-28T08:21:18.193004+00:00 DEBUG 'ansible_navigator.main' pyrsistent==0.17.3 /usr/lib64/python3.9/site-packages
2025-11-28T08:21:18.193028+00:00 DEBUG 'ansible_navigator.main' pyserial==3.4 /usr/lib/python3.9/site-packages
2025-11-28T08:21:18.193050+00:00 DEBUG 'ansible_navigator.main' pysocks==1.7.1 /usr/lib/python3.9/site-packages
2025-11-28T08:21:18.193069+00:00 DEBUG 'ansible_navigator.main' python-daemon==2.3.0 /usr/lib/python3.9/site-packages
2025-11-28T08:21:18.193102+00:00 DEBUG 'ansible_navigator.main' python-dateutil==2.8.1 /usr/lib/python3.9/site-packages
2025-11-28T08:21:18.193121+00:00 DEBUG 'ansible_navigator.main' python-linux-procfs==0.7.0 /usr/lib/python3.9/site-packages
2025-11-28T08:21:18.193141+00:00 DEBUG 'ansible_navigator.main' pytz==2021.1 /usr/lib/python3.9/site-packages
2025-11-28T08:21:18.193161+00:00 DEBUG 'ansible_navigator.main' pyudev==0.22.0 /usr/lib/python3.9/site-packages
2025-11-28T08:21:18.193182+00:00 DEBUG 'ansible_navigator.main' pyxdg==0.27 /usr/lib/python3.9/site-packages
2025-11-28T08:21:18.193201+00:00 DEBUG 'ansible_navigator.main' pyyaml==5.4.1 /usr/lib64/python3.9/site-packages
2025-11-28T08:21:18.193233+00:00 DEBUG 'ansible_navigator.main' requests==2.25.1 /usr/lib/python3.9/site-packages
2025-11-28T08:21:18.193254+00:00 DEBUG 'ansible_navigator.main' requirements-parser==0.2.0 /usr/lib/python3.9/site-packages
2025-11-28T08:21:18.193274+00:00 DEBUG 'ansible_navigator.main' resolvelib==0.5.4 /usr/lib/python3.9/site-packages
2025-11-28T08:21:18.193293+00:00 DEBUG 'ansible_navigator.main' rich==12.0.0 /usr/lib/python3.9/site-packages
2025-11-28T08:21:18.193314+00:00 DEBUG 'ansible_navigator.main' rpm==4.16.1.3 /usr/lib64/python3.9/site-packages
2025-11-28T08:21:18.193333+00:00 DEBUG 'ansible_navigator.main' ruamel.yaml.clib==0.2.6 /usr/lib64/python3.9/site-packages
2025-11-28T08:21:18.193353+00:00 DEBUG 'ansible_navigator.main' ruamel.yaml==0.17.21 /usr/lib/python3.9/site-packages
2025-11-28T08:21:18.193373+00:00 DEBUG 'ansible_navigator.main' selinux==3.4 /usr/lib64/python3.9/site-packages
2025-11-28T08:21:18.193393+00:00 DEBUG 'ansible_navigator.main' sepolicy==3.4 /usr/lib/python3.9/site-packages
2025-11-28T08:21:18.193413+00:00 DEBUG 'ansible_navigator.main' setools==4.4.0 /usr/lib64/python3.9/site-packages
2025-11-28T08:21:18.193433+00:00 DEBUG 'ansible_navigator.main' setroubleshoot==1.1 /usr/lib/python3.9/site-packages
2025-11-28T08:21:18.193453+00:00 DEBUG 'ansible_navigator.main' setuptools==53.0.0 /usr/lib/python3.9/site-packages
2025-11-28T08:21:18.193473+00:00 DEBUG 'ansible_navigator.main' six==1.15.0 /usr/lib/python3.9/site-packages
2025-11-28T08:21:18.193492+00:00 DEBUG 'ansible_navigator.main' sos==4.3 /usr/lib/python3.9/site-packages
2025-11-28T08:21:18.193512+00:00 DEBUG 'ansible_navigator.main' subprocess-tee==0.3.5 /usr/lib/python3.9/site-packages
2025-11-28T08:21:18.193532+00:00 DEBUG 'ansible_navigator.main' subscription-manager==1.29.30 /usr/lib64/python3.9/site-packages
2025-11-28T08:21:18.193552+00:00 DEBUG 'ansible_navigator.main' systemd-python==234 /usr/lib64/python3.9/site-packages
2025-11-28T08:21:18.193572+00:00 DEBUG 'ansible_navigator.main' tomli==2.0.1 /usr/lib/python3.9/site-packages
2025-11-28T08:21:18.193591+00:00 DEBUG 'ansible_navigator.main' typing-extensions==3.10.0.2 /usr/lib/python3.9/site-packages
2025-11-28T08:21:18.193611+00:00 DEBUG 'ansible_navigator.main' urllib3==1.26.5 /usr/lib/python3.9/site-packages
2025-11-28T08:21:18.193630+00:00 DEBUG 'ansible_navigator.main' virtualenv==20.24.5 /usr/local/lib/python3.9/site-packages
2025-11-28T08:21:18.193650+00:00 DEBUG 'ansible_navigator.main' wcmatch==8.3 /usr/lib/python3.9/site-packages
2025-11-28T08:21:18.193670+00:00 DEBUG 'ansible_navigator.main' yamllint==1.26.3 /usr/lib/python3.9/site-packages
2025-11-28T08:21:18.193689+00:00 DEBUG 'ansible_navigator.main' Share directory '/usr/lib/python3.9/share/ansible_navigator' not found (development path)
2025-11-28T08:21:18.193710+00:00 DEBUG 'ansible_navigator.main' Share directory '/home/student/.local/share/ansible_navigator' not found (userbase)
2025-11-28T08:21:18.193730+00:00 DEBUG 'ansible_navigator.main' Share directory '/usr/share/ansible_navigator' found (sys.prefix)
2025-11-28T08:21:18.193753+00:00 DEBUG 'ansible_navigator.main' Default collection_doc_cache_path set to: /home/student/.cache/ansible-navigator/collection_doc_cache.db
2025-11-28T08:21:18.193774+00:00 DEBUG 'ansible_navigator.main' EDITOR environment variable not set
2025-11-28T08:21:18.193794+00:00 DEBUG 'ansible_navigator.main' Default editor_command set to: vi +{line_number} {filename}
2025-11-28T08:21:18.193814+00:00 DEBUG 'ansible_navigator.main' No config file set by ANSIBLE_NAVIGATOR_CONFIG
2025-11-28T08:21:18.193834+00:00 DEBUG 'ansible_navigator.main' Looking in /home/student
2025-11-28T08:21:18.193855+00:00 DEBUG 'ansible_navigator.main' Looking for '/home/student/.ansible-navigator.yml', '/home/student/.ansible-navigator.yaml' and '/home/student/.ansible-navigator.json'
2025-11-28T08:21:18.193876+00:00 DEBUG 'ansible_navigator.main' Found 0: 
2025-11-28T08:21:18.193896+00:00 DEBUG 'ansible_navigator.main' Looking in /home/student/sap_systems/roles
2025-11-28T08:21:18.193916+00:00 DEBUG 'ansible_navigator.main' Looking for '/home/student/sap_systems/roles/ansible-navigator.yml', '/home/student/sap_systems/roles/ansible-navigator.yaml' and '/home/student/sap_systems/roles/ansible-navigator.json'
2025-11-28T08:21:18.193936+00:00 DEBUG 'ansible_navigator.main' Found 0: 
2025-11-28T08:21:18.193956+00:00 DEBUG 'ansible_navigator.main' All found 0: 
2025-11-28T08:21:18.193988+00:00 DEBUG 'ansible_navigator.main' Using: None
2025-11-28T08:21:18.194009+00:00 DEBUG 'ansible_navigator.main' No valid settings file found, using all default values for settings.
2025-11-28T08:21:18.194029+00:00 DEBUG 'ansible_navigator.main' Command provided: 'role init myrole'
2025-11-28T08:21:18.194054+00:00 WARNING 'ansible_navigator.main' Configuration errors encountered, rolling back to previous configuration.
2025-11-28T08:21:18.194074+00:00 DEBUG 'ansible_navigator.main' Prior to rollback: ansible_runner_artifact_dir = 'Not set' (Constants/Not set)
2025-11-28T08:21:18.194106+00:00 DEBUG 'ansible_navigator.main' Prior to rollback: ansible_runner_rotate_artifacts_count = 'Not set' (Constants/Not set)
2025-11-28T08:21:18.194126+00:00 DEBUG 'ansible_navigator.main' Prior to rollback: ansible_runner_timeout = 'Not set' (Constants/Not set)
2025-11-28T08:21:18.194145+00:00 DEBUG 'ansible_navigator.main' Prior to rollback: app = 'welcome' (str/Defaults)
2025-11-28T08:21:18.194166+00:00 DEBUG 'ansible_navigator.main' Prior to rollback: cmdline = '['role', 'init', 'myrole']' (list/Command line)
2025-11-28T08:21:18.194185+00:00 DEBUG 'ansible_navigator.main' Prior to rollback: collection_doc_cache_path = '/home/student/.cache/ansible-navigator/collection_doc_cache.db' (str/Defaults)
2025-11-28T08:21:18.194206+00:00 DEBUG 'ansible_navigator.main' Prior to rollback: config = 'Not set' (Constants/Not set)
2025-11-28T08:21:18.194237+00:00 DEBUG 'ansible_navigator.main' Prior to rollback: container_engine = 'auto' (str/Defaults)
2025-11-28T08:21:18.194257+00:00 DEBUG 'ansible_navigator.main' Prior to rollback: container_options = 'Not set' (Constants/Not set)
2025-11-28T08:21:18.194277+00:00 DEBUG 'ansible_navigator.main' Prior to rollback: display_color = 'True' (bool/Defaults)
2025-11-28T08:21:18.194296+00:00 DEBUG 'ansible_navigator.main' Prior to rollback: editor_command = 'vi +{line_number} {filename}' (str/Defaults)
2025-11-28T08:21:18.194316+00:00 DEBUG 'ansible_navigator.main' Prior to rollback: editor_console = 'True' (bool/Defaults)
2025-11-28T08:21:18.194335+00:00 DEBUG 'ansible_navigator.main' Prior to rollback: exec_command = '/bin/bash' (str/Defaults)
2025-11-28T08:21:18.194355+00:00 DEBUG 'ansible_navigator.main' Prior to rollback: exec_shell = 'True' (bool/Defaults)
2025-11-28T08:21:18.194375+00:00 DEBUG 'ansible_navigator.main' Prior to rollback: execution_environment = 'True' (bool/Defaults)
2025-11-28T08:21:18.194395+00:00 DEBUG 'ansible_navigator.main' Prior to rollback: execution_environment_image = 'registry.redhat.io/ansible-automation-platform-23/ee-supported-rhel8:latest' (str/Defaults)
2025-11-28T08:21:18.194419+00:00 DEBUG 'ansible_navigator.main' Prior to rollback: execution_environment_volume_mounts = 'Not set' (Constants/Not set)
2025-11-28T08:21:18.194440+00:00 DEBUG 'ansible_navigator.main' Prior to rollback: help_builder = 'False' (bool/Defaults)
2025-11-28T08:21:18.194459+00:00 DEBUG 'ansible_navigator.main' Prior to rollback: help_config = 'False' (bool/Defaults)
2025-11-28T08:21:18.194479+00:00 DEBUG 'ansible_navigator.main' Prior to rollback: help_doc = 'False' (bool/Defaults)
2025-11-28T08:21:18.194499+00:00 DEBUG 'ansible_navigator.main' Prior to rollback: help_inventory = 'False' (bool/Defaults)
2025-11-28T08:21:18.194518+00:00 DEBUG 'ansible_navigator.main' Prior to rollback: help_playbook = 'False' (bool/Defaults)
2025-11-28T08:21:18.194537+00:00 DEBUG 'ansible_navigator.main' Prior to rollback: images_details = '['everything']' (list/Defaults)
2025-11-28T08:21:18.194557+00:00 DEBUG 'ansible_navigator.main' Prior to rollback: inventory = 'Not set' (Constants/Not set)
2025-11-28T08:21:18.194577+00:00 DEBUG 'ansible_navigator.main' Prior to rollback: inventory_column = 'Not set' (Constants/Not set)
2025-11-28T08:21:18.194596+00:00 DEBUG 'ansible_navigator.main' Prior to rollback: lint_config = 'Not set' (Constants/Not set)
2025-11-28T08:21:18.194615+00:00 DEBUG 'ansible_navigator.main' Prior to rollback: lintables = 'Not set' (Constants/Not set)
2025-11-28T08:21:18.194634+00:00 DEBUG 'ansible_navigator.main' Prior to rollback: log_append = 'True' (bool/Defaults)
2025-11-28T08:21:18.194654+00:00 DEBUG 'ansible_navigator.main' Prior to rollback: log_file = '/home/student/sap_systems/roles/ansible-navigator.log' (str/Defaults)
2025-11-28T08:21:18.194673+00:00 DEBUG 'ansible_navigator.main' Prior to rollback: log_level = 'warning' (str/Defaults)
2025-11-28T08:21:18.194693+00:00 DEBUG 'ansible_navigator.main' Prior to rollback: mode = 'interactive' (str/Defaults)
2025-11-28T08:21:18.194712+00:00 DEBUG 'ansible_navigator.main' Prior to rollback: osc4 = 'True' (bool/Defaults)
2025-11-28T08:21:18.194731+00:00 DEBUG 'ansible_navigator.main' Prior to rollback: pass_environment_variable = 'Not set' (Constants/Not set)
2025-11-28T08:21:18.194751+00:00 DEBUG 'ansible_navigator.main' Prior to rollback: playbook = 'Not set' (Constants/Not set)
2025-11-28T08:21:18.194770+00:00 DEBUG 'ansible_navigator.main' Prior to rollback: playbook_artifact_enable = 'True' (bool/Defaults)
2025-11-28T08:21:18.194790+00:00 DEBUG 'ansible_navigator.main' Prior to rollback: playbook_artifact_replay = 'Not set' (Constants/Not set)
2025-11-28T08:21:18.194810+00:00 DEBUG 'ansible_navigator.main' Prior to rollback: playbook_artifact_save_as = '{playbook_dir}/{playbook_name}-artifact-{time_stamp}.json' (str/Defaults)
2025-11-28T08:21:18.194829+00:00 DEBUG 'ansible_navigator.main' Prior to rollback: plugin_name = 'Not set' (Constants/Not set)
2025-11-28T08:21:18.194849+00:00 DEBUG 'ansible_navigator.main' Prior to rollback: plugin_type = 'module' (str/Defaults)
2025-11-28T08:21:18.194869+00:00 DEBUG 'ansible_navigator.main' Prior to rollback: pull_arguments = 'Not set' (Constants/Not set)
2025-11-28T08:21:18.194888+00:00 DEBUG 'ansible_navigator.main' Prior to rollback: pull_policy = 'tag' (str/Defaults)
2025-11-28T08:21:18.194908+00:00 DEBUG 'ansible_navigator.main' Prior to rollback: set_environment_variable = 'Not set' (Constants/Not set)
2025-11-28T08:21:18.194927+00:00 DEBUG 'ansible_navigator.main' Prior to rollback: settings_effective = 'False' (bool/Defaults)
2025-11-28T08:21:18.194947+00:00 DEBUG 'ansible_navigator.main' Prior to rollback: settings_sample = 'False' (bool/Defaults)
2025-11-28T08:21:18.194966+00:00 DEBUG 'ansible_navigator.main' Prior to rollback: settings_schema = 'json' (str/Defaults)
2025-11-28T08:21:18.194997+00:00 DEBUG 'ansible_navigator.main' Prior to rollback: settings_sources = 'False' (bool/Defaults)
2025-11-28T08:21:18.195018+00:00 DEBUG 'ansible_navigator.main' Prior to rollback: time_zone = 'UTC' (str/Defaults)
2025-11-28T08:21:18.195038+00:00 DEBUG 'ansible_navigator.main' Prior to rollback: workdir = '/home/student/sap_systems/roles' (str/Defaults)
2025-11-28T08:21:18.195061+00:00 DEBUG 'ansible_navigator.main' After rollback: ansible_runner_artifact_dir = 'Not set' (Constants/Not set)
2025-11-28T08:21:18.195093+00:00 DEBUG 'ansible_navigator.main' After rollback: ansible_runner_rotate_artifacts_count = 'Not set' (Constants/Not set)
2025-11-28T08:21:18.195119+00:00 DEBUG 'ansible_navigator.main' After rollback: ansible_runner_timeout = 'Not set' (Constants/Not set)
2025-11-28T08:21:18.195139+00:00 DEBUG 'ansible_navigator.main' After rollback: app = 'Not set' (Constants/Not set)
2025-11-28T08:21:18.195159+00:00 DEBUG 'ansible_navigator.main' After rollback: cmdline = 'Not set' (Constants/Not set)
2025-11-28T08:21:18.195179+00:00 DEBUG 'ansible_navigator.main' After rollback: collection_doc_cache_path = 'Not set' (Constants/Not set)
2025-11-28T08:21:18.195198+00:00 DEBUG 'ansible_navigator.main' After rollback: config = 'Not set' (Constants/Not set)
2025-11-28T08:21:18.195226+00:00 DEBUG 'ansible_navigator.main' After rollback: container_engine = 'Not set' (Constants/Not set)
2025-11-28T08:21:18.195250+00:00 DEBUG 'ansible_navigator.main' After rollback: container_options = 'Not set' (Constants/Not set)
2025-11-28T08:21:18.195270+00:00 DEBUG 'ansible_navigator.main' After rollback: display_color = 'Not set' (Constants/Not set)
2025-11-28T08:21:18.195290+00:00 DEBUG 'ansible_navigator.main' After rollback: editor_command = 'Not set' (Constants/Not set)
2025-11-28T08:21:18.195310+00:00 DEBUG 'ansible_navigator.main' After rollback: editor_console = 'Not set' (Constants/Not set)
2025-11-28T08:21:18.195329+00:00 DEBUG 'ansible_navigator.main' After rollback: exec_command = 'Not set' (Constants/Not set)
2025-11-28T08:21:18.195349+00:00 DEBUG 'ansible_navigator.main' After rollback: exec_shell = 'Not set' (Constants/Not set)
2025-11-28T08:21:18.195369+00:00 DEBUG 'ansible_navigator.main' After rollback: execution_environment = 'Not set' (Constants/Not set)
2025-11-28T08:21:18.195389+00:00 DEBUG 'ansible_navigator.main' After rollback: execution_environment_image = 'Not set' (Constants/Not set)
2025-11-28T08:21:18.195409+00:00 DEBUG 'ansible_navigator.main' After rollback: execution_environment_volume_mounts = 'Not set' (Constants/Not set)
2025-11-28T08:21:18.195429+00:00 DEBUG 'ansible_navigator.main' After rollback: help_builder = 'Not set' (Constants/Not set)
2025-11-28T08:21:18.195449+00:00 DEBUG 'ansible_navigator.main' After rollback: help_config = 'Not set' (Constants/Not set)
2025-11-28T08:21:18.195468+00:00 DEBUG 'ansible_navigator.main' After rollback: help_doc = 'Not set' (Constants/Not set)
2025-11-28T08:21:18.195488+00:00 DEBUG 'ansible_navigator.main' After rollback: help_inventory = 'Not set' (Constants/Not set)
2025-11-28T08:21:18.195507+00:00 DEBUG 'ansible_navigator.main' After rollback: help_playbook = 'Not set' (Constants/Not set)
2025-11-28T08:21:18.195527+00:00 DEBUG 'ansible_navigator.main' After rollback: images_details = 'Not set' (Constants/Not set)
2025-11-28T08:21:18.195546+00:00 DEBUG 'ansible_navigator.main' After rollback: inventory = 'Not set' (Constants/Not set)
2025-11-28T08:21:18.195565+00:00 DEBUG 'ansible_navigator.main' After rollback: inventory_column = 'Not set' (Constants/Not set)
2025-11-28T08:21:18.195585+00:00 DEBUG 'ansible_navigator.main' After rollback: lint_config = 'Not set' (Constants/Not set)
2025-11-28T08:21:18.195605+00:00 DEBUG 'ansible_navigator.main' After rollback: lintables = 'Not set' (Constants/Not set)
2025-11-28T08:21:18.195624+00:00 DEBUG 'ansible_navigator.main' After rollback: log_append = 'Not set' (Constants/Not set)
2025-11-28T08:21:18.195644+00:00 DEBUG 'ansible_navigator.main' After rollback: log_file = 'Not set' (Constants/Not set)
2025-11-28T08:21:18.195663+00:00 DEBUG 'ansible_navigator.main' After rollback: log_level = 'Not set' (Constants/Not set)
2025-11-28T08:21:18.195682+00:00 DEBUG 'ansible_navigator.main' After rollback: mode = 'Not set' (Constants/Not set)
2025-11-28T08:21:18.195702+00:00 DEBUG 'ansible_navigator.main' After rollback: osc4 = 'Not set' (Constants/Not set)
2025-11-28T08:21:18.195727+00:00 DEBUG 'ansible_navigator.main' After rollback: pass_environment_variable = 'Not set' (Constants/Not set)
2025-11-28T08:21:18.195748+00:00 DEBUG 'ansible_navigator.main' After rollback: playbook = 'Not set' (Constants/Not set)
2025-11-28T08:21:18.195767+00:00 DEBUG 'ansible_navigator.main' After rollback: playbook_artifact_enable = 'Not set' (Constants/Not set)
2025-11-28T08:21:18.195787+00:00 DEBUG 'ansible_navigator.main' After rollback: playbook_artifact_replay = 'Not set' (Constants/Not set)
2025-11-28T08:21:18.195807+00:00 DEBUG 'ansible_navigator.main' After rollback: playbook_artifact_save_as = 'Not set' (Constants/Not set)
2025-11-28T08:21:18.195826+00:00 DEBUG 'ansible_navigator.main' After rollback: plugin_name = 'Not set' (Constants/Not set)
2025-11-28T08:21:18.195846+00:00 DEBUG 'ansible_navigator.main' After rollback: plugin_type = 'Not set' (Constants/Not set)
2025-11-28T08:21:18.195865+00:00 DEBUG 'ansible_navigator.main' After rollback: pull_arguments = 'Not set' (Constants/Not set)
2025-11-28T08:21:18.195885+00:00 DEBUG 'ansible_navigator.main' After rollback: pull_policy = 'Not set' (Constants/Not set)
2025-11-28T08:21:18.195908+00:00 DEBUG 'ansible_navigator.main' After rollback: set_environment_variable = 'Not set' (Constants/Not set)
2025-11-28T08:21:18.195927+00:00 DEBUG 'ansible_navigator.main' After rollback: settings_effective = 'Not set' (Constants/Not set)
2025-11-28T08:21:18.195946+00:00 DEBUG 'ansible_navigator.main' After rollback: settings_sample = 'Not set' (Constants/Not set)
2025-11-28T08:21:18.195966+00:00 DEBUG 'ansible_navigator.main' After rollback: settings_schema = 'Not set' (Constants/Not set)
2025-11-28T08:21:18.195987+00:00 DEBUG 'ansible_navigator.main' After rollback: settings_sources = 'Not set' (Constants/Not set)
2025-11-28T08:21:18.196018+00:00 DEBUG 'ansible_navigator.main' After rollback: time_zone = 'Not set' (Constants/Not set)
2025-11-28T08:21:18.196038+00:00 DEBUG 'ansible_navigator.main' After rollback: workdir = 'Not set' (Constants/Not set)
2025-11-28T08:21:18.196059+00:00 DEBUG 'ansible_navigator.main' Configuration rollback complete.
2025-11-28T08:21:18.196089+00:00 DEBUG 'ansible_navigator.main' Collection doc cache not mounted
2025-11-28T08:21:18.196124+00:00 WARNING 'ansible_navigator.main' Issues were found while applying the settings.
2025-11-28T08:21:18.196149+00:00 INFO 'ansible_navigator.main' Command provided: 'role init myrole'
2025-11-28T08:21:18.196175+00:00 ERROR 'ansible_navigator.main' argument {subcommand} --help: invalid choice: 'role' (choose from 'builder', 'collections', 'config', 'doc', 'exec', 'images', 'inventory', 'lint', 'replay', 'run', 'settings', 'welcome')
2025-11-28T08:21:18.196199+00:00 INFO 'ansible_navigator.main' Configuration failed, using default log file location. (/home/student/sap_systems/roles/ansible-navigator.log) Log level set to debug
2025-11-28T08:21:18.196233+00:00 INFO 'ansible_navigator.main' Review the hints and log file to see what went wrong.
